执行日期：2014-09-03-09：46：59
【接收到的notify通知】:
<xml><appid><![CDATA[wxf5b5e87a6a0fde94]]></appid>
<bank_type><![CDATA[CFT]]></bank_type>
<fee_type><![CDATA[CNY]]></fee_type>
<is_subscribe><![CDATA[N]]></is_subscribe>
<mch_id><![CDATA[10000097]]></mch_id>
<nonce_str><![CDATA[dz8nirk7gmxhhxn38zgib28yx14ul2gf]]></nonce_str>
<openid><![CDATA[ozoKAt-MmA74zs7MBafCix6Dg8o0]]></openid>
<out_trade_no><![CDATA[wxf5b5e87a6a0fde941409708791]]></out_trade_no>
<result_code><![CDATA[SUCCESS]]></result_code>
<return_code><![CDATA[SUCCESS]]></return_code>
<sign><![CDATA[EDACA525F6C675337B2DAC25B7145028]]></sign>
<sub_mch_id><![CDATA[10000097]]></sub_mch_id>
<time_end><![CDATA[20140903094659]]></time_end>
<total_fee>1</total_fee>
<trade_type><![CDATA[NATIVE]]></trade_type>
<transaction_id><![CDATA[1004400737201409030005091526]]></transaction_id>
</xml>


执行日期：2014-09-03-09：46：59
【支付成功】:
<xml><appid><![CDATA[wxf5b5e87a6a0fde94]]></appid>
<bank_type><![CDATA[CFT]]></bank_type>
<fee_type><![CDATA[CNY]]></fee_type>
<is_subscribe><![CDATA[N]]></is_subscribe>
<mch_id><![CDATA[10000097]]></mch_id>
<nonce_str><![CDATA[dz8nirk7gmxhhxn38zgib28yx14ul2gf]]></nonce_str>
<openid><![CDATA[ozoKAt-MmA74zs7MBafCix6Dg8o0]]></openid>
<out_trade_no><![CDATA[wxf5b5e87a6a0fde941409708791]]></out_trade_no>
<result_code><![CDATA[SUCCESS]]></result_code>
<return_code><![CDATA[SUCCESS]]></return_code>
<sign><![CDATA[EDACA525F6C675337B2DAC25B7145028]]></sign>
<sub_mch_id><![CDATA[10000097]]></sub_mch_id>
<time_end><![CDATA[20140903094659]]></time_end>
<total_fee>1</total_fee>
<trade_type><![CDATA[NATIVE]]></trade_type>
<transaction_id><![CDATA[1004400737201409030005091526]]></transaction_id>
</xml>


执行日期：2014-09-03-09：52：07
【接收到的notify通知】:



执行日期：2014-09-03-10：15：27
【接收到的notify通知】:



执行日期：2014-09-03-10：25：41
【接收到的notify通知】:
<xml><appid><![CDATA[wxf5b5e87a6a0fde94]]></appid>
<bank_type><![CDATA[CFT]]></bank_type>
<fee_type><![CDATA[CNY]]></fee_type>
<is_subscribe><![CDATA[N]]></is_subscribe>
<mch_id><![CDATA[10000097]]></mch_id>
<nonce_str><![CDATA[l399dq3x98zfnzvkmjyybhfme8xpw9ws]]></nonce_str>
<openid><![CDATA[ozoKAt-MmA74zs7MBafCix6Dg8o0]]></openid>
<out_trade_no><![CDATA[wxf5b5e87a6a0fde941409711119]]></out_trade_no>
<result_code><![CDATA[SUCCESS]]></result_code>
<return_code><![CDATA[SUCCESS]]></return_code>
<sign><![CDATA[0F8620FF980BED05C20AFD78646098E2]]></sign>
<sub_mch_id><![CDATA[10000097]]></sub_mch_id>
<time_end><![CDATA[20140903102540]]></time_end>
<total_fee>1</total_fee>
<trade_type><![CDATA[NATIVE]]></trade_type>
<transaction_id><![CDATA[1004400737201409030005088180]]></transaction_id>
</xml>


执行日期：2014-09-03-10：25：41
【支付成功】:
<xml><appid><![CDATA[wxf5b5e87a6a0fde94]]></appid>
<bank_type><![CDATA[CFT]]></bank_type>
<fee_type><![CDATA[CNY]]></fee_type>
<is_subscribe><![CDATA[N]]></is_subscribe>
<mch_id><![CDATA[10000097]]></mch_id>
<nonce_str><![CDATA[l399dq3x98zfnzvkmjyybhfme8xpw9ws]]></nonce_str>
<openid><![CDATA[ozoKAt-MmA74zs7MBafCix6Dg8o0]]></openid>
<out_trade_no><![CDATA[wxf5b5e87a6a0fde941409711119]]></out_trade_no>
<result_code><![CDATA[SUCCESS]]></result_code>
<return_code><![CDATA[SUCCESS]]></return_code>
<sign><![CDATA[0F8620FF980BED05C20AFD78646098E2]]></sign>
<sub_mch_id><![CDATA[10000097]]></sub_mch_id>
<time_end><![CDATA[20140903102540]]></time_end>
<total_fee>1</total_fee>
<trade_type><![CDATA[NATIVE]]></trade_type>
<transaction_id><![CDATA[1004400737201409030005088180]]></transaction_id>
</xml>


执行日期：2014-09-03-12：58：16
【接收到的notify通知】:
<xml><appid><![CDATA[wxf5b5e87a6a0fde94]]></appid>
<bank_type><![CDATA[CFT]]></bank_type>
<fee_type><![CDATA[CNY]]></fee_type>
<is_subscribe><![CDATA[N]]></is_subscribe>
<mch_id><![CDATA[10000097]]></mch_id>
<nonce_str><![CDATA[zjdmq3zooztpb3t97vs98lu9n82i2w30]]></nonce_str>
<openid><![CDATA[ozoKAt-MmA74zs7MBafCix6Dg8o0]]></openid>
<out_trade_no><![CDATA[wxf5b5e87a6a0fde941409720287]]></out_trade_no>
<result_code><![CDATA[SUCCESS]]></result_code>
<return_code><![CDATA[SUCCESS]]></return_code>
<sign><![CDATA[D1FC9907C663C90441C42F5630EC4BB6]]></sign>
<sub_mch_id><![CDATA[10000097]]></sub_mch_id>
<time_end><![CDATA[20140903125815]]></time_end>
<total_fee>1</total_fee>
<trade_type><![CDATA[NATIVE]]></trade_type>
<transaction_id><![CDATA[1004400737201409030005092546]]></transaction_id>
</xml>


执行日期：2014-09-03-12：58：16
【支付成功】:
<xml><appid><![CDATA[wxf5b5e87a6a0fde94]]></appid>
<bank_type><![CDATA[CFT]]></bank_type>
<fee_type><![CDATA[CNY]]></fee_type>
<is_subscribe><![CDATA[N]]></is_subscribe>
<mch_id><![CDATA[10000097]]></mch_id>
<nonce_str><![CDATA[zjdmq3zooztpb3t97vs98lu9n82i2w30]]></nonce_str>
<openid><![CDATA[ozoKAt-MmA74zs7MBafCix6Dg8o0]]></openid>
<out_trade_no><![CDATA[wxf5b5e87a6a0fde941409720287]]></out_trade_no>
<result_code><![CDATA[SUCCESS]]></result_code>
<return_code><![CDATA[SUCCESS]]></return_code>
<sign><![CDATA[D1FC9907C663C90441C42F5630EC4BB6]]></sign>
<sub_mch_id><![CDATA[10000097]]></sub_mch_id>
<time_end><![CDATA[20140903125815]]></time_end>
<total_fee>1</total_fee>
<trade_type><![CDATA[NATIVE]]></trade_type>
<transaction_id><![CDATA[1004400737201409030005092546]]></transaction_id>
</xml>


执行日期：2014-09-03-12：58：38
【接收到的notify通知】:
<xml><appid><![CDATA[wxf5b5e87a6a0fde94]]></appid>
<bank_type><![CDATA[CFT]]></bank_type>
<fee_type><![CDATA[CNY]]></fee_type>
<is_subscribe><![CDATA[N]]></is_subscribe>
<mch_id><![CDATA[10000097]]></mch_id>
<nonce_str><![CDATA[k1rfe2krf1syhrwvjotk35do3aqgcah3]]></nonce_str>
<openid><![CDATA[ozoKAt-MmA74zs7MBafCix6Dg8o0]]></openid>
<out_trade_no><![CDATA[wxf5b5e87a6a0fde941409720303]]></out_trade_no>
<result_code><![CDATA[SUCCESS]]></result_code>
<return_code><![CDATA[SUCCESS]]></return_code>
<sign><![CDATA[A03C6B584DF1925C6A4FF56A4982F07A]]></sign>
<sub_mch_id><![CDATA[10000097]]></sub_mch_id>
<time_end><![CDATA[20140903125838]]></time_end>
<total_fee>1</total_fee>
<trade_type><![CDATA[NATIVE]]></trade_type>
<transaction_id><![CDATA[1004400737201409030005088363]]></transaction_id>
</xml>


执行日期：2014-09-03-12：58：38
【支付成功】:
<xml><appid><![CDATA[wxf5b5e87a6a0fde94]]></appid>
<bank_type><![CDATA[CFT]]></bank_type>
<fee_type><![CDATA[CNY]]></fee_type>
<is_subscribe><![CDATA[N]]></is_subscribe>
<mch_id><![CDATA[10000097]]></mch_id>
<nonce_str><![CDATA[k1rfe2krf1syhrwvjotk35do3aqgcah3]]></nonce_str>
<openid><![CDATA[ozoKAt-MmA74zs7MBafCix6Dg8o0]]></openid>
<out_trade_no><![CDATA[wxf5b5e87a6a0fde941409720303]]></out_trade_no>
<result_code><![CDATA[SUCCESS]]></result_code>
<return_code><![CDATA[SUCCESS]]></return_code>
<sign><![CDATA[A03C6B584DF1925C6A4FF56A4982F07A]]></sign>
<sub_mch_id><![CDATA[10000097]]></sub_mch_id>
<time_end><![CDATA[20140903125838]]></time_end>
<total_fee>1</total_fee>
<trade_type><![CDATA[NATIVE]]></trade_type>
<transaction_id><![CDATA[1004400737201409030005088363]]></transaction_id>
</xml>


执行日期：2014-09-03-15：23：37
【接收到的notify通知】:
<xml><appid><![CDATA[wxf5b5e87a6a0fde94]]></appid>
<bank_type><![CDATA[CFT]]></bank_type>
<fee_type><![CDATA[CNY]]></fee_type>
<is_subscribe><![CDATA[N]]></is_subscribe>
<mch_id><![CDATA[10000097]]></mch_id>
<nonce_str><![CDATA[visug9gr3d8awvfaudlbrpbfx7aaq1m9]]></nonce_str>
<openid><![CDATA[ozoKAt-MmA74zs7MBafCix6Dg8o0]]></openid>
<out_trade_no><![CDATA[wxf5b5e87a6a0fde941409729008]]></out_trade_no>
<result_code><![CDATA[SUCCESS]]></result_code>
<return_code><![CDATA[SUCCESS]]></return_code>
<sign><![CDATA[04A348DC6D9C0107BB7DE7AACCC500E8]]></sign>
<sub_mch_id><![CDATA[10000097]]></sub_mch_id>
<time_end><![CDATA[20140903152337]]></time_end>
<total_fee>1</total_fee>
<trade_type><![CDATA[JSAPI]]></trade_type>
<transaction_id><![CDATA[1004400737201409030005092382]]></transaction_id>
</xml>


执行日期：2014-09-03-15：23：37
【支付成功】:
<xml><appid><![CDATA[wxf5b5e87a6a0fde94]]></appid>
<bank_type><![CDATA[CFT]]></bank_type>
<fee_type><![CDATA[CNY]]></fee_type>
<is_subscribe><![CDATA[N]]></is_subscribe>
<mch_id><![CDATA[10000097]]></mch_id>
<nonce_str><![CDATA[visug9gr3d8awvfaudlbrpbfx7aaq1m9]]></nonce_str>
<openid><![CDATA[ozoKAt-MmA74zs7MBafCix6Dg8o0]]></openid>
<out_trade_no><![CDATA[wxf5b5e87a6a0fde941409729008]]></out_trade_no>
<result_code><![CDATA[SUCCESS]]></result_code>
<return_code><![CDATA[SUCCESS]]></return_code>
<sign><![CDATA[04A348DC6D9C0107BB7DE7AACCC500E8]]></sign>
<sub_mch_id><![CDATA[10000097]]></sub_mch_id>
<time_end><![CDATA[20140903152337]]></time_end>
<total_fee>1</total_fee>
<trade_type><![CDATA[JSAPI]]></trade_type>
<transaction_id><![CDATA[1004400737201409030005092382]]></transaction_id>
</xml>


执行日期：2014-09-03-16：27：05
【接收到的notify通知】:
<xml><appid><![CDATA[wxf5b5e87a6a0fde94]]></appid>
<bank_type><![CDATA[CFT]]></bank_type>
<fee_type><![CDATA[CNY]]></fee_type>
<is_subscribe><![CDATA[N]]></is_subscribe>
<mch_id><![CDATA[10000097]]></mch_id>
<nonce_str><![CDATA[73ydlecbrc6d9uw1dti78ulqcuytqvrd]]></nonce_str>
<openid><![CDATA[ozoKAt-MmA74zs7MBafCix6Dg8o0]]></openid>
<out_trade_no><![CDATA[wxf5b5e87a6a0fde941409732816]]></out_trade_no>
<result_code><![CDATA[SUCCESS]]></result_code>
<return_code><![CDATA[SUCCESS]]></return_code>
<sign><![CDATA[D9C048A726AB1341E20929A5F9C09076]]></sign>
<sub_mch_id><![CDATA[10000097]]></sub_mch_id>
<time_end><![CDATA[20140903162705]]></time_end>
<total_fee>1</total_fee>
<trade_type><![CDATA[JSAPI]]></trade_type>
<transaction_id><![CDATA[1004400737201409030005092583]]></transaction_id>
</xml>


执行日期：2014-09-03-16：27：05
【支付成功】:
<xml><appid><![CDATA[wxf5b5e87a6a0fde94]]></appid>
<bank_type><![CDATA[CFT]]></bank_type>
<fee_type><![CDATA[CNY]]></fee_type>
<is_subscribe><![CDATA[N]]></is_subscribe>
<mch_id><![CDATA[10000097]]></mch_id>
<nonce_str><![CDATA[73ydlecbrc6d9uw1dti78ulqcuytqvrd]]></nonce_str>
<openid><![CDATA[ozoKAt-MmA74zs7MBafCix6Dg8o0]]></openid>
<out_trade_no><![CDATA[wxf5b5e87a6a0fde941409732816]]></out_trade_no>
<result_code><![CDATA[SUCCESS]]></result_code>
<return_code><![CDATA[SUCCESS]]></return_code>
<sign><![CDATA[D9C048A726AB1341E20929A5F9C09076]]></sign>
<sub_mch_id><![CDATA[10000097]]></sub_mch_id>
<time_end><![CDATA[20140903162705]]></time_end>
<total_fee>1</total_fee>
<trade_type><![CDATA[JSAPI]]></trade_type>
<transaction_id><![CDATA[1004400737201409030005092583]]></transaction_id>
</xml>


执行日期：2014-09-03-16：29：48
【接收到的notify通知】:
<xml><appid><![CDATA[wxf5b5e87a6a0fde94]]></appid>
<bank_type><![CDATA[CFT]]></bank_type>
<fee_type><![CDATA[CNY]]></fee_type>
<is_subscribe><![CDATA[N]]></is_subscribe>
<mch_id><![CDATA[10000097]]></mch_id>
<nonce_str><![CDATA[chb8arfq1tqfzm0c2hbo2awwu9c070pm]]></nonce_str>
<openid><![CDATA[ozoKAt-MmA74zs7MBafCix6Dg8o0]]></openid>
<out_trade_no><![CDATA[wxf5b5e87a6a0fde941409732979]]></out_trade_no>
<result_code><![CDATA[SUCCESS]]></result_code>
<return_code><![CDATA[SUCCESS]]></return_code>
<sign><![CDATA[0882C58B02C6FB1EACD7A024318237DA]]></sign>
<sub_mch_id><![CDATA[10000097]]></sub_mch_id>
<time_end><![CDATA[20140903162947]]></time_end>
<total_fee>1</total_fee>
<trade_type><![CDATA[NATIVE]]></trade_type>
<transaction_id><![CDATA[1004400737201409030005092843]]></transaction_id>
</xml>


执行日期：2014-09-03-16：29：48
【支付成功】:
<xml><appid><![CDATA[wxf5b5e87a6a0fde94]]></appid>
<bank_type><![CDATA[CFT]]></bank_type>
<fee_type><![CDATA[CNY]]></fee_type>
<is_subscribe><![CDATA[N]]></is_subscribe>
<mch_id><![CDATA[10000097]]></mch_id>
<nonce_str><![CDATA[chb8arfq1tqfzm0c2hbo2awwu9c070pm]]></nonce_str>
<openid><![CDATA[ozoKAt-MmA74zs7MBafCix6Dg8o0]]></openid>
<out_trade_no><![CDATA[wxf5b5e87a6a0fde941409732979]]></out_trade_no>
<result_code><![CDATA[SUCCESS]]></result_code>
<return_code><![CDATA[SUCCESS]]></return_code>
<sign><![CDATA[0882C58B02C6FB1EACD7A024318237DA]]></sign>
<sub_mch_id><![CDATA[10000097]]></sub_mch_id>
<time_end><![CDATA[20140903162947]]></time_end>
<total_fee>1</total_fee>
<trade_type><![CDATA[NATIVE]]></trade_type>
<transaction_id><![CDATA[1004400737201409030005092843]]></transaction_id>
</xml>


执行日期：2014-09-03-16：30：10
【接收到的notify通知】:
<xml><appid><![CDATA[wxf5b5e87a6a0fde94]]></appid>
<bank_type><![CDATA[CFT]]></bank_type>
<fee_type><![CDATA[CNY]]></fee_type>
<is_subscribe><![CDATA[N]]></is_subscribe>
<mch_id><![CDATA[10000097]]></mch_id>
<nonce_str><![CDATA[m92hzxx4qg371vdm95sv3i2zh7u9h242]]></nonce_str>
<openid><![CDATA[ozoKAt-MmA74zs7MBafCix6Dg8o0]]></openid>
<out_trade_no><![CDATA[wxf5b5e87a6a0fde941409732994]]></out_trade_no>
<result_code><![CDATA[SUCCESS]]></result_code>
<return_code><![CDATA[SUCCESS]]></return_code>
<sign><![CDATA[1B51E1AA31DB0AB64200E4F75752A610]]></sign>
<sub_mch_id><![CDATA[10000097]]></sub_mch_id>
<time_end><![CDATA[20140903163009]]></time_end>
<total_fee>1</total_fee>
<trade_type><![CDATA[NATIVE]]></trade_type>
<transaction_id><![CDATA[1004400737201409030005093214]]></transaction_id>
</xml>


执行日期：2014-09-03-16：30：10
【支付成功】:
<xml><appid><![CDATA[wxf5b5e87a6a0fde94]]></appid>
<bank_type><![CDATA[CFT]]></bank_type>
<fee_type><![CDATA[CNY]]></fee_type>
<is_subscribe><![CDATA[N]]></is_subscribe>
<mch_id><![CDATA[10000097]]></mch_id>
<nonce_str><![CDATA[m92hzxx4qg371vdm95sv3i2zh7u9h242]]></nonce_str>
<openid><![CDATA[ozoKAt-MmA74zs7MBafCix6Dg8o0]]></openid>
<out_trade_no><![CDATA[wxf5b5e87a6a0fde941409732994]]></out_trade_no>
<result_code><![CDATA[SUCCESS]]></result_code>
<return_code><![CDATA[SUCCESS]]></return_code>
<sign><![CDATA[1B51E1AA31DB0AB64200E4F75752A610]]></sign>
<sub_mch_id><![CDATA[10000097]]></sub_mch_id>
<time_end><![CDATA[20140903163009]]></time_end>
<total_fee>1</total_fee>
<trade_type><![CDATA[NATIVE]]></trade_type>
<transaction_id><![CDATA[1004400737201409030005093214]]></transaction_id>
</xml>


执行日期：2015-01-15-08：55：22
【支付成功】:
<xml><appid><![CDATA[wxa9bd7bef74d8a0c3]]></appid>
<bank_type><![CDATA[ABC_CREDIT]]></bank_type>
<cash_fee><![CDATA[2]]></cash_fee>
<fee_type><![CDATA[CNY]]></fee_type>
<is_subscribe><![CDATA[Y]]></is_subscribe>
<mch_id><![CDATA[1225560002]]></mch_id>
<nonce_str><![CDATA[kd03z4ynah74c6xi47186k867y3op7mb]]></nonce_str>
<openid><![CDATA[orXepuMhMkWDf6TxGTtnczxP6GI0]]></openid>
<out_trade_no><![CDATA[450474627292113002]]></out_trade_no>
<result_code><![CDATA[SUCCESS]]></result_code>
<return_code><![CDATA[SUCCESS]]></return_code>
<sign><![CDATA[47C3D7284573E1B74E9A07DBEFC8E6DE]]></sign>
<time_end><![CDATA[20150115085521]]></time_end>
<total_fee>2</total_fee>
<trade_type><![CDATA[NATIVE]]></trade_type>
<transaction_id><![CDATA[1004400877201501150010187733]]></transaction_id>
</xml>


执行日期：2015-01-15-08：55：22
【支付成功11】:
450474627292113002


执行日期：2015-01-15-08：55：22
【支付成功11】:
1004400877201501150010187733


执行日期：2015-01-15-08：55：22
【支付成功12】:
Array


执行日期：2015-01-15-08：55：22
【更新成功13】:
--更新成功--


执行日期：2015-01-15-08：55：37
【支付成功】:
<xml><appid><![CDATA[wxa9bd7bef74d8a0c3]]></appid>
<bank_type><![CDATA[ABC_DEBIT]]></bank_type>
<cash_fee><![CDATA[2]]></cash_fee>
<fee_type><![CDATA[CNY]]></fee_type>
<is_subscribe><![CDATA[Y]]></is_subscribe>
<mch_id><![CDATA[1225560002]]></mch_id>
<nonce_str><![CDATA[kd03z4ynah74c6xi47186k867y3op7mb]]></nonce_str>
<openid><![CDATA[orXepuMhMkWDf6TxGTtnczxP6GI0]]></openid>
<out_trade_no><![CDATA[450474627292113002]]></out_trade_no>
<result_code><![CDATA[SUCCESS]]></result_code>
<return_code><![CDATA[SUCCESS]]></return_code>
<sign><![CDATA[E7A39027FB1F3636D51FD19F6C25C42E]]></sign>
<time_end><![CDATA[20150115085521]]></time_end>
<total_fee>2</total_fee>
<trade_type><![CDATA[NATIVE]]></trade_type>
<transaction_id><![CDATA[1004400877201501150010187733]]></transaction_id>
</xml>


执行日期：2015-01-15-08：55：37
【支付成功11】:
450474627292113002


执行日期：2015-01-15-08：55：37
【支付成功11】:
1004400877201501150010187733


执行日期：2015-01-15-08：55：37
【支付成功12】:
Array


执行日期：2015-01-15-08：55：37
【更新成功13】:
--更新成功--


执行日期：2015-01-15-08：55：54
【支付成功】:
<xml><appid><![CDATA[wxa9bd7bef74d8a0c3]]></appid>
<bank_type><![CDATA[ABC_DEBIT]]></bank_type>
<cash_fee><![CDATA[2]]></cash_fee>
<fee_type><![CDATA[CNY]]></fee_type>
<is_subscribe><![CDATA[Y]]></is_subscribe>
<mch_id><![CDATA[1225560002]]></mch_id>
<nonce_str><![CDATA[kd03z4ynah74c6xi47186k867y3op7mb]]></nonce_str>
<openid><![CDATA[orXepuMhMkWDf6TxGTtnczxP6GI0]]></openid>
<out_trade_no><![CDATA[450474627292113002]]></out_trade_no>
<result_code><![CDATA[SUCCESS]]></result_code>
<return_code><![CDATA[SUCCESS]]></return_code>
<sign><![CDATA[E7A39027FB1F3636D51FD19F6C25C42E]]></sign>
<time_end><![CDATA[20150115085521]]></time_end>
<total_fee>2</total_fee>
<trade_type><![CDATA[NATIVE]]></trade_type>
<transaction_id><![CDATA[1004400877201501150010187733]]></transaction_id>
</xml>


执行日期：2015-01-15-08：55：54
【支付成功11】:
450474627292113002


执行日期：2015-01-15-08：55：54
【支付成功11】:
1004400877201501150010187733


执行日期：2015-01-15-08：55：54
【支付成功12】:
Array


执行日期：2015-01-15-08：55：54
【更新成功13】:
--更新成功--


执行日期：2015-01-15-08：56：25
【支付成功】:
<xml><appid><![CDATA[wxa9bd7bef74d8a0c3]]></appid>
<bank_type><![CDATA[ABC_DEBIT]]></bank_type>
<cash_fee><![CDATA[2]]></cash_fee>
<fee_type><![CDATA[CNY]]></fee_type>
<is_subscribe><![CDATA[Y]]></is_subscribe>
<mch_id><![CDATA[1225560002]]></mch_id>
<nonce_str><![CDATA[kd03z4ynah74c6xi47186k867y3op7mb]]></nonce_str>
<openid><![CDATA[orXepuMhMkWDf6TxGTtnczxP6GI0]]></openid>
<out_trade_no><![CDATA[450474627292113002]]></out_trade_no>
<result_code><![CDATA[SUCCESS]]></result_code>
<return_code><![CDATA[SUCCESS]]></return_code>
<sign><![CDATA[E7A39027FB1F3636D51FD19F6C25C42E]]></sign>
<time_end><![CDATA[20150115085521]]></time_end>
<total_fee>2</total_fee>
<trade_type><![CDATA[NATIVE]]></trade_type>
<transaction_id><![CDATA[1004400877201501150010187733]]></transaction_id>
</xml>


执行日期：2015-01-15-08：56：25
【支付成功11】:
450474627292113002


执行日期：2015-01-15-08：56：25
【支付成功11】:
1004400877201501150010187733


执行日期：2015-01-15-08：56：25
【支付成功12】:
Array


执行日期：2015-01-15-08：56：25
【更新成功13】:
--更新成功--


执行日期：2015-01-15-08：59：28
【支付成功】:
<xml><appid><![CDATA[wxa9bd7bef74d8a0c3]]></appid>
<bank_type><![CDATA[ABC_DEBIT]]></bank_type>
<cash_fee><![CDATA[2]]></cash_fee>
<fee_type><![CDATA[CNY]]></fee_type>
<is_subscribe><![CDATA[Y]]></is_subscribe>
<mch_id><![CDATA[1225560002]]></mch_id>
<nonce_str><![CDATA[kd03z4ynah74c6xi47186k867y3op7mb]]></nonce_str>
<openid><![CDATA[orXepuMhMkWDf6TxGTtnczxP6GI0]]></openid>
<out_trade_no><![CDATA[450474627292113002]]></out_trade_no>
<result_code><![CDATA[SUCCESS]]></result_code>
<return_code><![CDATA[SUCCESS]]></return_code>
<sign><![CDATA[E7A39027FB1F3636D51FD19F6C25C42E]]></sign>
<time_end><![CDATA[20150115085521]]></time_end>
<total_fee>2</total_fee>
<trade_type><![CDATA[NATIVE]]></trade_type>
<transaction_id><![CDATA[1004400877201501150010187733]]></transaction_id>
</xml>


执行日期：2015-01-15-08：59：28
【支付成功11】:
450474627292113002


执行日期：2015-01-15-08：59：28
【支付成功11】:
1004400877201501150010187733


执行日期：2015-01-15-08：59：28
【支付成功12】:
Array


执行日期：2015-01-15-08：59：28
【更新成功13】:
--更新成功--


执行日期：2015-01-15-09：06：51
【支付成功】:
<xml><appid><![CDATA[wxa9bd7bef74d8a0c3]]></appid>
<bank_type><![CDATA[ABC_CREDIT]]></bank_type>
<cash_fee><![CDATA[6]]></cash_fee>
<fee_type><![CDATA[CNY]]></fee_type>
<is_subscribe><![CDATA[Y]]></is_subscribe>
<mch_id><![CDATA[1225560002]]></mch_id>
<nonce_str><![CDATA[i5n724yhibbfmzrl9n42zio1rgw9w4ay]]></nonce_str>
<openid><![CDATA[orXepuMhMkWDf6TxGTtnczxP6GI0]]></openid>
<out_trade_no><![CDATA[360474627972816002]]></out_trade_no>
<result_code><![CDATA[SUCCESS]]></result_code>
<return_code><![CDATA[SUCCESS]]></return_code>
<sign><![CDATA[C9482CFE497667C62678843324D4F5D9]]></sign>
<time_end><![CDATA[20150115090650]]></time_end>
<total_fee>6</total_fee>
<trade_type><![CDATA[NATIVE]]></trade_type>
<transaction_id><![CDATA[1004400877201501150010186966]]></transaction_id>
</xml>


执行日期：2015-01-15-09：06：51
【支付成功】:
360474627972816002


执行日期：2015-01-15-09：06：51
【更新成功】:
--更新成功--


执行日期：2015-01-15-09：07：05
【支付成功】:
<xml><appid><![CDATA[wxa9bd7bef74d8a0c3]]></appid>
<bank_type><![CDATA[ABC_DEBIT]]></bank_type>
<cash_fee><![CDATA[6]]></cash_fee>
<fee_type><![CDATA[CNY]]></fee_type>
<is_subscribe><![CDATA[Y]]></is_subscribe>
<mch_id><![CDATA[1225560002]]></mch_id>
<nonce_str><![CDATA[i5n724yhibbfmzrl9n42zio1rgw9w4ay]]></nonce_str>
<openid><![CDATA[orXepuMhMkWDf6TxGTtnczxP6GI0]]></openid>
<out_trade_no><![CDATA[360474627972816002]]></out_trade_no>
<result_code><![CDATA[SUCCESS]]></result_code>
<return_code><![CDATA[SUCCESS]]></return_code>
<sign><![CDATA[E7B942564AE6A103F3A4A3BD44DBCE3C]]></sign>
<time_end><![CDATA[20150115090650]]></time_end>
<total_fee>6</total_fee>
<trade_type><![CDATA[NATIVE]]></trade_type>
<transaction_id><![CDATA[1004400877201501150010186966]]></transaction_id>
</xml>


执行日期：2015-01-15-09：07：05
【支付成功】:
360474627972816002


执行日期：2015-01-15-09：07：05
【更新成功】:
--更新成功--


执行日期：2015-01-15-09：07：22
【支付成功】:
<xml><appid><![CDATA[wxa9bd7bef74d8a0c3]]></appid>
<bank_type><![CDATA[ABC_DEBIT]]></bank_type>
<cash_fee><![CDATA[6]]></cash_fee>
<fee_type><![CDATA[CNY]]></fee_type>
<is_subscribe><![CDATA[Y]]></is_subscribe>
<mch_id><![CDATA[1225560002]]></mch_id>
<nonce_str><![CDATA[i5n724yhibbfmzrl9n42zio1rgw9w4ay]]></nonce_str>
<openid><![CDATA[orXepuMhMkWDf6TxGTtnczxP6GI0]]></openid>
<out_trade_no><![CDATA[360474627972816002]]></out_trade_no>
<result_code><![CDATA[SUCCESS]]></result_code>
<return_code><![CDATA[SUCCESS]]></return_code>
<sign><![CDATA[E7B942564AE6A103F3A4A3BD44DBCE3C]]></sign>
<time_end><![CDATA[20150115090650]]></time_end>
<total_fee>6</total_fee>
<trade_type><![CDATA[NATIVE]]></trade_type>
<transaction_id><![CDATA[1004400877201501150010186966]]></transaction_id>
</xml>


执行日期：2015-01-15-09：07：22
【支付成功】:
360474627972816002


执行日期：2015-01-15-09：07：22
【更新成功】:
--更新成功--


执行日期：2015-01-15-09：07：54
【支付成功】:
<xml><appid><![CDATA[wxa9bd7bef74d8a0c3]]></appid>
<bank_type><![CDATA[ABC_DEBIT]]></bank_type>
<cash_fee><![CDATA[6]]></cash_fee>
<fee_type><![CDATA[CNY]]></fee_type>
<is_subscribe><![CDATA[Y]]></is_subscribe>
<mch_id><![CDATA[1225560002]]></mch_id>
<nonce_str><![CDATA[i5n724yhibbfmzrl9n42zio1rgw9w4ay]]></nonce_str>
<openid><![CDATA[orXepuMhMkWDf6TxGTtnczxP6GI0]]></openid>
<out_trade_no><![CDATA[360474627972816002]]></out_trade_no>
<result_code><![CDATA[SUCCESS]]></result_code>
<return_code><![CDATA[SUCCESS]]></return_code>
<sign><![CDATA[E7B942564AE6A103F3A4A3BD44DBCE3C]]></sign>
<time_end><![CDATA[20150115090650]]></time_end>
<total_fee>6</total_fee>
<trade_type><![CDATA[NATIVE]]></trade_type>
<transaction_id><![CDATA[1004400877201501150010186966]]></transaction_id>
</xml>


执行日期：2015-01-15-09：07：54
【支付成功】:
360474627972816002


执行日期：2015-01-15-09：07：54
【更新成功】:
--更新成功--


执行日期：2015-01-15-09：10：56
【支付成功】:
<xml><appid><![CDATA[wxa9bd7bef74d8a0c3]]></appid>
<bank_type><![CDATA[ABC_DEBIT]]></bank_type>
<cash_fee><![CDATA[6]]></cash_fee>
<fee_type><![CDATA[CNY]]></fee_type>
<is_subscribe><![CDATA[Y]]></is_subscribe>
<mch_id><![CDATA[1225560002]]></mch_id>
<nonce_str><![CDATA[i5n724yhibbfmzrl9n42zio1rgw9w4ay]]></nonce_str>
<openid><![CDATA[orXepuMhMkWDf6TxGTtnczxP6GI0]]></openid>
<out_trade_no><![CDATA[360474627972816002]]></out_trade_no>
<result_code><![CDATA[SUCCESS]]></result_code>
<return_code><![CDATA[SUCCESS]]></return_code>
<sign><![CDATA[E7B942564AE6A103F3A4A3BD44DBCE3C]]></sign>
<time_end><![CDATA[20150115090650]]></time_end>
<total_fee>6</total_fee>
<trade_type><![CDATA[NATIVE]]></trade_type>
<transaction_id><![CDATA[1004400877201501150010186966]]></transaction_id>
</xml>


执行日期：2015-01-15-09：10：56
【支付成功】:
360474627972816002


执行日期：2015-01-15-09：10：56
【更新成功】:
--更新成功--


执行日期：2015-01-15-09：14：06
【支付成功】:
<xml><appid><![CDATA[wxa9bd7bef74d8a0c3]]></appid>
<bank_type><![CDATA[ICBC_CREDIT]]></bank_type>
<cash_fee><![CDATA[1]]></cash_fee>
<fee_type><![CDATA[CNY]]></fee_type>
<is_subscribe><![CDATA[Y]]></is_subscribe>
<mch_id><![CDATA[1225560002]]></mch_id>
<nonce_str><![CDATA[lye8ubkg3wl1oajk4z9cf9ba01f3hjip]]></nonce_str>
<openid><![CDATA[orXepuCnuZLlMcBXNmHF5P1AhybI]]></openid>
<out_trade_no><![CDATA[780474628348996003]]></out_trade_no>
<result_code><![CDATA[SUCCESS]]></result_code>
<return_code><![CDATA[SUCCESS]]></return_code>
<sign><![CDATA[D6D92D35F619AFDFFDD2B30BF88E7438]]></sign>
<time_end><![CDATA[20150115091405]]></time_end>
<total_fee>1</total_fee>
<trade_type><![CDATA[NATIVE]]></trade_type>
<transaction_id><![CDATA[1005700877201501150010176884]]></transaction_id>
</xml>


执行日期：2015-01-15-09：14：06
【支付成功】:
780474628348996003


执行日期：2015-01-15-09：14：06
【更新成功】:
--更新成功--


执行日期：2015-01-15-09：14：17
【支付成功】:
<xml><appid><![CDATA[wxa9bd7bef74d8a0c3]]></appid>
<bank_type><![CDATA[ICBC_DEBIT]]></bank_type>
<cash_fee><![CDATA[1]]></cash_fee>
<fee_type><![CDATA[CNY]]></fee_type>
<is_subscribe><![CDATA[Y]]></is_subscribe>
<mch_id><![CDATA[1225560002]]></mch_id>
<nonce_str><![CDATA[lye8ubkg3wl1oajk4z9cf9ba01f3hjip]]></nonce_str>
<openid><![CDATA[orXepuCnuZLlMcBXNmHF5P1AhybI]]></openid>
<out_trade_no><![CDATA[780474628348996003]]></out_trade_no>
<result_code><![CDATA[SUCCESS]]></result_code>
<return_code><![CDATA[SUCCESS]]></return_code>
<sign><![CDATA[42850EFB749CB9CBF189105970B27EC5]]></sign>
<time_end><![CDATA[20150115091405]]></time_end>
<total_fee>1</total_fee>
<trade_type><![CDATA[NATIVE]]></trade_type>
<transaction_id><![CDATA[1005700877201501150010176884]]></transaction_id>
</xml>


执行日期：2015-01-15-09：14：17
【支付成功】:
780474628348996003


执行日期：2015-01-15-09：14：17
【更新成功】:
--更新成功--


执行日期：2015-01-15-09：14：34
【支付成功】:
<xml><appid><![CDATA[wxa9bd7bef74d8a0c3]]></appid>
<bank_type><![CDATA[ICBC_DEBIT]]></bank_type>
<cash_fee><![CDATA[1]]></cash_fee>
<fee_type><![CDATA[CNY]]></fee_type>
<is_subscribe><![CDATA[Y]]></is_subscribe>
<mch_id><![CDATA[1225560002]]></mch_id>
<nonce_str><![CDATA[lye8ubkg3wl1oajk4z9cf9ba01f3hjip]]></nonce_str>
<openid><![CDATA[orXepuCnuZLlMcBXNmHF5P1AhybI]]></openid>
<out_trade_no><![CDATA[780474628348996003]]></out_trade_no>
<result_code><![CDATA[SUCCESS]]></result_code>
<return_code><![CDATA[SUCCESS]]></return_code>
<sign><![CDATA[42850EFB749CB9CBF189105970B27EC5]]></sign>
<time_end><![CDATA[20150115091405]]></time_end>
<total_fee>1</total_fee>
<trade_type><![CDATA[NATIVE]]></trade_type>
<transaction_id><![CDATA[1005700877201501150010176884]]></transaction_id>
</xml>


执行日期：2015-01-15-09：14：34
【支付成功】:
780474628348996003


执行日期：2015-01-15-09：14：34
【更新成功】:
--更新成功--


执行日期：2015-01-15-09：15：06
【支付成功】:
<xml><appid><![CDATA[wxa9bd7bef74d8a0c3]]></appid>
<bank_type><![CDATA[ICBC_DEBIT]]></bank_type>
<cash_fee><![CDATA[1]]></cash_fee>
<fee_type><![CDATA[CNY]]></fee_type>
<is_subscribe><![CDATA[Y]]></is_subscribe>
<mch_id><![CDATA[1225560002]]></mch_id>
<nonce_str><![CDATA[lye8ubkg3wl1oajk4z9cf9ba01f3hjip]]></nonce_str>
<openid><![CDATA[orXepuCnuZLlMcBXNmHF5P1AhybI]]></openid>
<out_trade_no><![CDATA[780474628348996003]]></out_trade_no>
<result_code><![CDATA[SUCCESS]]></result_code>
<return_code><![CDATA[SUCCESS]]></return_code>
<sign><![CDATA[42850EFB749CB9CBF189105970B27EC5]]></sign>
<time_end><![CDATA[20150115091405]]></time_end>
<total_fee>1</total_fee>
<trade_type><![CDATA[NATIVE]]></trade_type>
<transaction_id><![CDATA[1005700877201501150010176884]]></transaction_id>
</xml>


执行日期：2015-01-15-09：15：06
【支付成功】:
780474628348996003


执行日期：2015-01-15-09：15：06
【更新成功】:
--更新成功--


执行日期：2015-01-15-09：18：09
【支付成功】:
<xml><appid><![CDATA[wxa9bd7bef74d8a0c3]]></appid>
<bank_type><![CDATA[ICBC_DEBIT]]></bank_type>
<cash_fee><![CDATA[1]]></cash_fee>
<fee_type><![CDATA[CNY]]></fee_type>
<is_subscribe><![CDATA[Y]]></is_subscribe>
<mch_id><![CDATA[1225560002]]></mch_id>
<nonce_str><![CDATA[lye8ubkg3wl1oajk4z9cf9ba01f3hjip]]></nonce_str>
<openid><![CDATA[orXepuCnuZLlMcBXNmHF5P1AhybI]]></openid>
<out_trade_no><![CDATA[780474628348996003]]></out_trade_no>
<result_code><![CDATA[SUCCESS]]></result_code>
<return_code><![CDATA[SUCCESS]]></return_code>
<sign><![CDATA[42850EFB749CB9CBF189105970B27EC5]]></sign>
<time_end><![CDATA[20150115091405]]></time_end>
<total_fee>1</total_fee>
<trade_type><![CDATA[NATIVE]]></trade_type>
<transaction_id><![CDATA[1005700877201501150010176884]]></transaction_id>
</xml>


执行日期：2015-01-15-09：18：09
【支付成功】:
780474628348996003


执行日期：2015-01-15-09：18：09
【更新成功】:
--更新成功--


执行日期：2015-01-15-09：29：31
【支付成功】:
<xml><appid><![CDATA[wxa9bd7bef74d8a0c3]]></appid>
<bank_type><![CDATA[ABC_DEBIT]]></bank_type>
<cash_fee><![CDATA[2]]></cash_fee>
<fee_type><![CDATA[CNY]]></fee_type>
<is_subscribe><![CDATA[Y]]></is_subscribe>
<mch_id><![CDATA[1225560002]]></mch_id>
<nonce_str><![CDATA[kd03z4ynah74c6xi47186k867y3op7mb]]></nonce_str>
<openid><![CDATA[orXepuMhMkWDf6TxGTtnczxP6GI0]]></openid>
<out_trade_no><![CDATA[450474627292113002]]></out_trade_no>
<result_code><![CDATA[SUCCESS]]></result_code>
<return_code><![CDATA[SUCCESS]]></return_code>
<sign><![CDATA[E7A39027FB1F3636D51FD19F6C25C42E]]></sign>
<time_end><![CDATA[20150115085521]]></time_end>
<total_fee>2</total_fee>
<trade_type><![CDATA[NATIVE]]></trade_type>
<transaction_id><![CDATA[1004400877201501150010187733]]></transaction_id>
</xml>


执行日期：2015-01-15-09：29：31
【支付成功】:
450474627292113002


执行日期：2015-01-15-09：29：31
【更新成功】:
--更新成功--


执行日期：2015-01-15-09：40：57
【支付成功】:
<xml><appid><![CDATA[wxa9bd7bef74d8a0c3]]></appid>
<bank_type><![CDATA[ABC_DEBIT]]></bank_type>
<cash_fee><![CDATA[6]]></cash_fee>
<fee_type><![CDATA[CNY]]></fee_type>
<is_subscribe><![CDATA[Y]]></is_subscribe>
<mch_id><![CDATA[1225560002]]></mch_id>
<nonce_str><![CDATA[i5n724yhibbfmzrl9n42zio1rgw9w4ay]]></nonce_str>
<openid><![CDATA[orXepuMhMkWDf6TxGTtnczxP6GI0]]></openid>
<out_trade_no><![CDATA[360474627972816002]]></out_trade_no>
<result_code><![CDATA[SUCCESS]]></result_code>
<return_code><![CDATA[SUCCESS]]></return_code>
<sign><![CDATA[E7B942564AE6A103F3A4A3BD44DBCE3C]]></sign>
<time_end><![CDATA[20150115090650]]></time_end>
<total_fee>6</total_fee>
<trade_type><![CDATA[NATIVE]]></trade_type>
<transaction_id><![CDATA[1004400877201501150010186966]]></transaction_id>
</xml>


执行日期：2015-01-15-09：40：57
【支付成功】:
360474627972816002


执行日期：2015-01-15-09：40：57
【更新成功】:
--更新成功--


执行日期：2015-01-15-09：48：11
【支付成功】:
<xml><appid><![CDATA[wxa9bd7bef74d8a0c3]]></appid>
<bank_type><![CDATA[ICBC_DEBIT]]></bank_type>
<cash_fee><![CDATA[1]]></cash_fee>
<fee_type><![CDATA[CNY]]></fee_type>
<is_subscribe><![CDATA[Y]]></is_subscribe>
<mch_id><![CDATA[1225560002]]></mch_id>
<nonce_str><![CDATA[lye8ubkg3wl1oajk4z9cf9ba01f3hjip]]></nonce_str>
<openid><![CDATA[orXepuCnuZLlMcBXNmHF5P1AhybI]]></openid>
<out_trade_no><![CDATA[780474628348996003]]></out_trade_no>
<result_code><![CDATA[SUCCESS]]></result_code>
<return_code><![CDATA[SUCCESS]]></return_code>
<sign><![CDATA[42850EFB749CB9CBF189105970B27EC5]]></sign>
<time_end><![CDATA[20150115091405]]></time_end>
<total_fee>1</total_fee>
<trade_type><![CDATA[NATIVE]]></trade_type>
<transaction_id><![CDATA[1005700877201501150010176884]]></transaction_id>
</xml>


执行日期：2015-01-15-09：48：11
【支付成功】:
780474628348996003


执行日期：2015-01-15-09：48：11
【更新成功】:
--更新成功--


执行日期：2015-01-15-09：59：33
【支付成功】:
<xml><appid><![CDATA[wxa9bd7bef74d8a0c3]]></appid>
<bank_type><![CDATA[ABC_DEBIT]]></bank_type>
<cash_fee><![CDATA[2]]></cash_fee>
<fee_type><![CDATA[CNY]]></fee_type>
<is_subscribe><![CDATA[Y]]></is_subscribe>
<mch_id><![CDATA[1225560002]]></mch_id>
<nonce_str><![CDATA[kd03z4ynah74c6xi47186k867y3op7mb]]></nonce_str>
<openid><![CDATA[orXepuMhMkWDf6TxGTtnczxP6GI0]]></openid>
<out_trade_no><![CDATA[450474627292113002]]></out_trade_no>
<result_code><![CDATA[SUCCESS]]></result_code>
<return_code><![CDATA[SUCCESS]]></return_code>
<sign><![CDATA[E7A39027FB1F3636D51FD19F6C25C42E]]></sign>
<time_end><![CDATA[20150115085521]]></time_end>
<total_fee>2</total_fee>
<trade_type><![CDATA[NATIVE]]></trade_type>
<transaction_id><![CDATA[1004400877201501150010187733]]></transaction_id>
</xml>


执行日期：2015-01-15-09：59：33
【支付成功】:
450474627292113002


执行日期：2015-01-15-09：59：33
【更新成功】:
--更新成功--


执行日期：2015-01-15-10：11：01
【支付成功】:
<xml><appid><![CDATA[wxa9bd7bef74d8a0c3]]></appid>
<bank_type><![CDATA[ABC_DEBIT]]></bank_type>
<cash_fee><![CDATA[6]]></cash_fee>
<fee_type><![CDATA[CNY]]></fee_type>
<is_subscribe><![CDATA[Y]]></is_subscribe>
<mch_id><![CDATA[1225560002]]></mch_id>
<nonce_str><![CDATA[i5n724yhibbfmzrl9n42zio1rgw9w4ay]]></nonce_str>
<openid><![CDATA[orXepuMhMkWDf6TxGTtnczxP6GI0]]></openid>
<out_trade_no><![CDATA[360474627972816002]]></out_trade_no>
<result_code><![CDATA[SUCCESS]]></result_code>
<return_code><![CDATA[SUCCESS]]></return_code>
<sign><![CDATA[E7B942564AE6A103F3A4A3BD44DBCE3C]]></sign>
<time_end><![CDATA[20150115090650]]></time_end>
<total_fee>6</total_fee>
<trade_type><![CDATA[NATIVE]]></trade_type>
<transaction_id><![CDATA[1004400877201501150010186966]]></transaction_id>
</xml>


执行日期：2015-01-15-10：11：01
【支付成功】:
360474627972816002


执行日期：2015-01-15-10：11：01
【更新成功】:
--更新成功--


执行日期：2015-01-15-10：18：13
【支付成功】:
<xml><appid><![CDATA[wxa9bd7bef74d8a0c3]]></appid>
<bank_type><![CDATA[ICBC_DEBIT]]></bank_type>
<cash_fee><![CDATA[1]]></cash_fee>
<fee_type><![CDATA[CNY]]></fee_type>
<is_subscribe><![CDATA[Y]]></is_subscribe>
<mch_id><![CDATA[1225560002]]></mch_id>
<nonce_str><![CDATA[lye8ubkg3wl1oajk4z9cf9ba01f3hjip]]></nonce_str>
<openid><![CDATA[orXepuCnuZLlMcBXNmHF5P1AhybI]]></openid>
<out_trade_no><![CDATA[780474628348996003]]></out_trade_no>
<result_code><![CDATA[SUCCESS]]></result_code>
<return_code><![CDATA[SUCCESS]]></return_code>
<sign><![CDATA[42850EFB749CB9CBF189105970B27EC5]]></sign>
<time_end><![CDATA[20150115091405]]></time_end>
<total_fee>1</total_fee>
<trade_type><![CDATA[NATIVE]]></trade_type>
<transaction_id><![CDATA[1005700877201501150010176884]]></transaction_id>
</xml>


执行日期：2015-01-15-10：18：13
【支付成功】:
780474628348996003


执行日期：2015-01-15-10：18：13
【更新成功】:
--更新成功--


执行日期：2015-01-15-10：29：35
【支付成功】:
<xml><appid><![CDATA[wxa9bd7bef74d8a0c3]]></appid>
<bank_type><![CDATA[ABC_DEBIT]]></bank_type>
<cash_fee><![CDATA[2]]></cash_fee>
<fee_type><![CDATA[CNY]]></fee_type>
<is_subscribe><![CDATA[Y]]></is_subscribe>
<mch_id><![CDATA[1225560002]]></mch_id>
<nonce_str><![CDATA[kd03z4ynah74c6xi47186k867y3op7mb]]></nonce_str>
<openid><![CDATA[orXepuMhMkWDf6TxGTtnczxP6GI0]]></openid>
<out_trade_no><![CDATA[450474627292113002]]></out_trade_no>
<result_code><![CDATA[SUCCESS]]></result_code>
<return_code><![CDATA[SUCCESS]]></return_code>
<sign><![CDATA[E7A39027FB1F3636D51FD19F6C25C42E]]></sign>
<time_end><![CDATA[20150115085521]]></time_end>
<total_fee>2</total_fee>
<trade_type><![CDATA[NATIVE]]></trade_type>
<transaction_id><![CDATA[1004400877201501150010187733]]></transaction_id>
</xml>


执行日期：2015-01-15-10：29：35
【支付成功】:
450474627292113002


执行日期：2015-01-15-10：29：35
【更新成功】:
--更新成功--


执行日期：2015-01-15-10：41：04
【支付成功】:
<xml><appid><![CDATA[wxa9bd7bef74d8a0c3]]></appid>
<bank_type><![CDATA[ABC_DEBIT]]></bank_type>
<cash_fee><![CDATA[6]]></cash_fee>
<fee_type><![CDATA[CNY]]></fee_type>
<is_subscribe><![CDATA[Y]]></is_subscribe>
<mch_id><![CDATA[1225560002]]></mch_id>
<nonce_str><![CDATA[i5n724yhibbfmzrl9n42zio1rgw9w4ay]]></nonce_str>
<openid><![CDATA[orXepuMhMkWDf6TxGTtnczxP6GI0]]></openid>
<out_trade_no><![CDATA[360474627972816002]]></out_trade_no>
<result_code><![CDATA[SUCCESS]]></result_code>
<return_code><![CDATA[SUCCESS]]></return_code>
<sign><![CDATA[E7B942564AE6A103F3A4A3BD44DBCE3C]]></sign>
<time_end><![CDATA[20150115090650]]></time_end>
<total_fee>6</total_fee>
<trade_type><![CDATA[NATIVE]]></trade_type>
<transaction_id><![CDATA[1004400877201501150010186966]]></transaction_id>
</xml>


执行日期：2015-01-15-10：41：04
【支付成功】:
360474627972816002


执行日期：2015-01-15-10：41：04
【更新成功】:
--更新成功--


执行日期：2015-01-15-10：48：14
【支付成功】:
<xml><appid><![CDATA[wxa9bd7bef74d8a0c3]]></appid>
<bank_type><![CDATA[ICBC_DEBIT]]></bank_type>
<cash_fee><![CDATA[1]]></cash_fee>
<fee_type><![CDATA[CNY]]></fee_type>
<is_subscribe><![CDATA[Y]]></is_subscribe>
<mch_id><![CDATA[1225560002]]></mch_id>
<nonce_str><![CDATA[lye8ubkg3wl1oajk4z9cf9ba01f3hjip]]></nonce_str>
<openid><![CDATA[orXepuCnuZLlMcBXNmHF5P1AhybI]]></openid>
<out_trade_no><![CDATA[780474628348996003]]></out_trade_no>
<result_code><![CDATA[SUCCESS]]></result_code>
<return_code><![CDATA[SUCCESS]]></return_code>
<sign><![CDATA[42850EFB749CB9CBF189105970B27EC5]]></sign>
<time_end><![CDATA[20150115091405]]></time_end>
<total_fee>1</total_fee>
<trade_type><![CDATA[NATIVE]]></trade_type>
<transaction_id><![CDATA[1005700877201501150010176884]]></transaction_id>
</xml>


执行日期：2015-01-15-10：48：14
【支付成功】:
780474628348996003


执行日期：2015-01-15-10：48：14
【更新成功】:
--更新成功--


执行日期：2015-01-15-10：59：37
【支付成功】:
<xml><appid><![CDATA[wxa9bd7bef74d8a0c3]]></appid>
<bank_type><![CDATA[ABC_DEBIT]]></bank_type>
<cash_fee><![CDATA[2]]></cash_fee>
<fee_type><![CDATA[CNY]]></fee_type>
<is_subscribe><![CDATA[Y]]></is_subscribe>
<mch_id><![CDATA[1225560002]]></mch_id>
<nonce_str><![CDATA[kd03z4ynah74c6xi47186k867y3op7mb]]></nonce_str>
<openid><![CDATA[orXepuMhMkWDf6TxGTtnczxP6GI0]]></openid>
<out_trade_no><![CDATA[450474627292113002]]></out_trade_no>
<result_code><![CDATA[SUCCESS]]></result_code>
<return_code><![CDATA[SUCCESS]]></return_code>
<sign><![CDATA[E7A39027FB1F3636D51FD19F6C25C42E]]></sign>
<time_end><![CDATA[20150115085521]]></time_end>
<total_fee>2</total_fee>
<trade_type><![CDATA[NATIVE]]></trade_type>
<transaction_id><![CDATA[1004400877201501150010187733]]></transaction_id>
</xml>


执行日期：2015-01-15-10：59：37
【支付成功】:
450474627292113002


执行日期：2015-01-15-10：59：37
【更新成功】:
--更新成功--


执行日期：2015-01-15-11：%M：%S
【支付成功】:
<xml><appid><![CDATA[wxa9bd7bef74d8a0c3]]></appid>
<bank_type><![CDATA[ABC_DEBIT]]></bank_type>
<cash_fee><![CDATA[6]]></cash_fee>
<fee_type><![CDATA[CNY]]></fee_type>
<is_subscribe><![CDATA[Y]]></is_subscribe>
<mch_id><![CDATA[1225560002]]></mch_id>
<nonce_str><![CDATA[i5n724yhibbfmzrl9n42zio1rgw9w4ay]]></nonce_str>
<openid><![CDATA[orXepuMhMkWDf6TxGTtnczxP6GI0]]></openid>
<out_trade_no><![CDATA[360474627972816002]]></out_trade_no>
<result_code><![CDATA[SUCCESS]]></result_code>
<return_code><![CDATA[SUCCESS]]></return_code>
<sign><![CDATA[E7B942564AE6A103F3A4A3BD44DBCE3C]]></sign>
<time_end><![CDATA[20150115090650]]></time_end>
<total_fee>6</total_fee>
<trade_type><![CDATA[NATIVE]]></trade_type>
<transaction_id><![CDATA[1004400877201501150010186966]]></transaction_id>
</xml>


执行日期：2015-01-15-11：%M：%S
【支付成功】:
360474627972816002


执行日期：2015-01-15-11：%M：%S
【更新成功】:
--更新成功--


执行日期：2015-01-15-11：%M：%S
【支付成功】:
<xml><appid><![CDATA[wxa9bd7bef74d8a0c3]]></appid>
<bank_type><![CDATA[ICBC_DEBIT]]></bank_type>
<cash_fee><![CDATA[1]]></cash_fee>
<fee_type><![CDATA[CNY]]></fee_type>
<is_subscribe><![CDATA[Y]]></is_subscribe>
<mch_id><![CDATA[1225560002]]></mch_id>
<nonce_str><![CDATA[lye8ubkg3wl1oajk4z9cf9ba01f3hjip]]></nonce_str>
<openid><![CDATA[orXepuCnuZLlMcBXNmHF5P1AhybI]]></openid>
<out_trade_no><![CDATA[780474628348996003]]></out_trade_no>
<result_code><![CDATA[SUCCESS]]></result_code>
<return_code><![CDATA[SUCCESS]]></return_code>
<sign><![CDATA[42850EFB749CB9CBF189105970B27EC5]]></sign>
<time_end><![CDATA[20150115091405]]></time_end>
<total_fee>1</total_fee>
<trade_type><![CDATA[NATIVE]]></trade_type>
<transaction_id><![CDATA[1005700877201501150010176884]]></transaction_id>
</xml>


执行日期：2015-01-15-11：%M：%S
【支付成功】:
780474628348996003


执行日期：2015-01-15-11：%M：%S
【更新成功】:
--更新成功--


执行日期：2015-01-15-11：%M：%S
【支付成功】:
<xml><appid><![CDATA[wxa9bd7bef74d8a0c3]]></appid>
<bank_type><![CDATA[ABC_DEBIT]]></bank_type>
<cash_fee><![CDATA[2]]></cash_fee>
<fee_type><![CDATA[CNY]]></fee_type>
<is_subscribe><![CDATA[Y]]></is_subscribe>
<mch_id><![CDATA[1225560002]]></mch_id>
<nonce_str><![CDATA[kd03z4ynah74c6xi47186k867y3op7mb]]></nonce_str>
<openid><![CDATA[orXepuMhMkWDf6TxGTtnczxP6GI0]]></openid>
<out_trade_no><![CDATA[450474627292113002]]></out_trade_no>
<result_code><![CDATA[SUCCESS]]></result_code>
<return_code><![CDATA[SUCCESS]]></return_code>
<sign><![CDATA[E7A39027FB1F3636D51FD19F6C25C42E]]></sign>
<time_end><![CDATA[20150115085521]]></time_end>
<total_fee>2</total_fee>
<trade_type><![CDATA[NATIVE]]></trade_type>
<transaction_id><![CDATA[1004400877201501150010187733]]></transaction_id>
</xml>


执行日期：2015-01-15-11：%M：%S
【支付成功】:
450474627292113002


执行日期：2015-01-15-11：%M：%S
【更新成功】:
--更新成功--


执行日期：2015-01-15-12：%M：%S
【支付成功】:
<xml><appid><![CDATA[wxa9bd7bef74d8a0c3]]></appid>
<bank_type><![CDATA[ABC_DEBIT]]></bank_type>
<cash_fee><![CDATA[6]]></cash_fee>
<fee_type><![CDATA[CNY]]></fee_type>
<is_subscribe><![CDATA[Y]]></is_subscribe>
<mch_id><![CDATA[1225560002]]></mch_id>
<nonce_str><![CDATA[i5n724yhibbfmzrl9n42zio1rgw9w4ay]]></nonce_str>
<openid><![CDATA[orXepuMhMkWDf6TxGTtnczxP6GI0]]></openid>
<out_trade_no><![CDATA[360474627972816002]]></out_trade_no>
<result_code><![CDATA[SUCCESS]]></result_code>
<return_code><![CDATA[SUCCESS]]></return_code>
<sign><![CDATA[E7B942564AE6A103F3A4A3BD44DBCE3C]]></sign>
<time_end><![CDATA[20150115090650]]></time_end>
<total_fee>6</total_fee>
<trade_type><![CDATA[NATIVE]]></trade_type>
<transaction_id><![CDATA[1004400877201501150010186966]]></transaction_id>
</xml>


执行日期：2015-01-15-12：%M：%S
【支付成功】:
360474627972816002


执行日期：2015-01-15-12：%M：%S
【更新成功】:
--更新成功--


执行日期：2015-01-15-12：%M：%S
【支付成功】:
<xml><appid><![CDATA[wxa9bd7bef74d8a0c3]]></appid>
<bank_type><![CDATA[ICBC_DEBIT]]></bank_type>
<cash_fee><![CDATA[1]]></cash_fee>
<fee_type><![CDATA[CNY]]></fee_type>
<is_subscribe><![CDATA[Y]]></is_subscribe>
<mch_id><![CDATA[1225560002]]></mch_id>
<nonce_str><![CDATA[lye8ubkg3wl1oajk4z9cf9ba01f3hjip]]></nonce_str>
<openid><![CDATA[orXepuCnuZLlMcBXNmHF5P1AhybI]]></openid>
<out_trade_no><![CDATA[780474628348996003]]></out_trade_no>
<result_code><![CDATA[SUCCESS]]></result_code>
<return_code><![CDATA[SUCCESS]]></return_code>
<sign><![CDATA[42850EFB749CB9CBF189105970B27EC5]]></sign>
<time_end><![CDATA[20150115091405]]></time_end>
<total_fee>1</total_fee>
<trade_type><![CDATA[NATIVE]]></trade_type>
<transaction_id><![CDATA[1005700877201501150010176884]]></transaction_id>
</xml>


执行日期：2015-01-15-12：%M：%S
【支付成功】:
780474628348996003


执行日期：2015-01-15-12：%M：%S
【更新成功】:
--更新成功--


